[0m13:37:15.569711 [debug] [MainThread]: Sending event: {'category': 'dbt', 'action': 'invocation', 'label': 'start', 'context': [<snowplow_tracker.self_describing_json.SelfDescribingJson object at 0x7f5b9a226790>, <snowplow_tracker.self_describing_json.SelfDescribingJson object at 0x7f5b9a275b90>, <snowplow_tracker.self_describing_json.SelfDescribingJson object at 0x7f5b9a4fc890>]}


============================== 13:37:15.588634 | dc8be7a6-542f-42ba-af30-92fab98ddc4e ==============================
[0m13:37:15.588634 [info ] [MainThread]: Running with dbt=1.8.3
[0m13:37:15.591583 [debug] [MainThread]: running dbt with arguments {'printer_width': '80', 'indirect_selection': 'eager', 'write_json': 'True', 'log_cache_events': 'False', 'partial_parse': 'True', 'cache_selected_only': 'False', 'profiles_dir': '/dbt', 'debug': 'False', 'fail_fast': 'False', 'log_path': '/dbt/logs', 'warn_error': 'None', 'version_check': 'True', 'use_colors': 'True', 'use_experimental_parser': 'False', 'empty': 'None', 'quiet': 'False', 'no_print': 'None', 'log_format': 'default', 'static_parser': 'True', 'invocation_command': 'dbt debug', 'warn_error_options': 'WarnErrorOptions(include=[], exclude=[])', 'target_path': 'None', 'introspect': 'True', 'send_anonymous_usage_stats': 'True'}
[0m13:37:15.615123 [info ] [MainThread]: dbt version: 1.8.3
[0m13:37:15.618622 [info ] [MainThread]: python version: 3.11.2
[0m13:37:15.622321 [info ] [MainThread]: python path: /usr/local/bin/python
[0m13:37:15.625851 [info ] [MainThread]: os info: Linux-5.15.167.4-microsoft-standard-WSL2-x86_64-with-glibc2.31
[0m13:37:15.822721 [info ] [MainThread]: Using profiles dir at /dbt
[0m13:37:15.845125 [info ] [MainThread]: Using profiles.yml file at /dbt/profiles.yml
[0m13:37:15.848508 [info ] [MainThread]: Using dbt_project.yml file at /dbt/dbt_project.yml
[0m13:37:15.851949 [info ] [MainThread]: adapter type: postgres
[0m13:37:15.855395 [info ] [MainThread]: adapter version: 1.8.2
[0m13:37:16.039975 [info ] [MainThread]: Configuration:
[0m13:37:16.043214 [info ] [MainThread]:   profiles.yml file [[32mOK found and valid[0m]
[0m13:37:16.046929 [info ] [MainThread]:   dbt_project.yml file [[32mOK found and valid[0m]
[0m13:37:16.051388 [info ] [MainThread]: Required dependencies:
[0m13:37:16.054815 [debug] [MainThread]: Executing "git --help"
[0m13:37:16.072072 [debug] [MainThread]: STDOUT: "b"usage: git [--version] [--help] [-C <path>] [-c <name>=<value>]\n           [--exec-path[=<path>]] [--html-path] [--man-path] [--info-path]\n           [-p | --paginate | -P | --no-pager] [--no-replace-objects] [--bare]\n           [--git-dir=<path>] [--work-tree=<path>] [--namespace=<name>]\n           <command> [<args>]\n\nThese are common Git commands used in various situations:\n\nstart a working area (see also: git help tutorial)\n   clone             Clone a repository into a new directory\n   init              Create an empty Git repository or reinitialize an existing one\n\nwork on the current change (see also: git help everyday)\n   add               Add file contents to the index\n   mv                Move or rename a file, a directory, or a symlink\n   restore           Restore working tree files\n   rm                Remove files from the working tree and from the index\n   sparse-checkout   Initialize and modify the sparse-checkout\n\nexamine the history and state (see also: git help revisions)\n   bisect            Use binary search to find the commit that introduced a bug\n   diff              Show changes between commits, commit and working tree, etc\n   grep              Print lines matching a pattern\n   log               Show commit logs\n   show              Show various types of objects\n   status            Show the working tree status\n\ngrow, mark and tweak your common history\n   branch            List, create, or delete branches\n   commit            Record changes to the repository\n   merge             Join two or more development histories together\n   rebase            Reapply commits on top of another base tip\n   reset             Reset current HEAD to the specified state\n   switch            Switch branches\n   tag               Create, list, delete or verify a tag object signed with GPG\n\ncollaborate (see also: git help workflows)\n   fetch             Download objects and refs from another repository\n   pull              Fetch from and integrate with another repository or a local branch\n   push              Update remote refs along with associated objects\n\n'git help -a' and 'git help -g' list available subcommands and some\nconcept guides. See 'git help <command>' or 'git help <concept>'\nto read about a specific subcommand or concept.\nSee 'git help git' for an overview of the system.\n""
[0m13:37:16.074938 [debug] [MainThread]: STDERR: "b''"
[0m13:37:16.077352 [info ] [MainThread]:  - git [[32mOK found[0m]

[0m13:37:16.080705 [info ] [MainThread]: Connection:
[0m13:37:16.083664 [info ] [MainThread]:   host: db
[0m13:37:16.086401 [info ] [MainThread]:   port: 5432
[0m13:37:16.089261 [info ] [MainThread]:   user: quiz
[0m13:37:16.092027 [info ] [MainThread]:   database: quizops
[0m13:37:16.095517 [info ] [MainThread]:   schema: analytics
[0m13:37:16.098664 [info ] [MainThread]:   connect_timeout: 10
[0m13:37:16.101241 [info ] [MainThread]:   role: None
[0m13:37:16.104883 [info ] [MainThread]:   search_path: None
[0m13:37:16.107610 [info ] [MainThread]:   keepalives_idle: 0
[0m13:37:16.110342 [info ] [MainThread]:   sslmode: None
[0m13:37:16.114326 [info ] [MainThread]:   sslcert: None
[0m13:37:16.117118 [info ] [MainThread]:   sslkey: None
[0m13:37:16.120519 [info ] [MainThread]:   sslrootcert: None
[0m13:37:16.123345 [info ] [MainThread]:   application_name: dbt
[0m13:37:16.126064 [info ] [MainThread]:   retries: 1
[0m13:37:16.129875 [info ] [MainThread]: Registered adapter: postgres=1.8.2
[0m13:37:16.138940 [debug] [MainThread]: Acquiring new postgres connection 'debug'
[0m13:37:16.256781 [debug] [MainThread]: Using postgres connection "debug"
[0m13:37:16.259439 [debug] [MainThread]: On debug: select 1 as id
[0m13:37:16.262629 [debug] [MainThread]: Opening a new connection, currently in state init
[0m13:37:16.308780 [debug] [MainThread]: SQL status: SELECT 1 in 0.0 seconds
[0m13:37:16.312929 [debug] [MainThread]: On debug: Close
[0m13:37:16.315445 [info ] [MainThread]:   Connection test: [[32mOK connection ok[0m]

[0m13:37:16.318437 [info ] [MainThread]: [32mAll checks passed![0m
[0m13:37:16.324085 [debug] [MainThread]: Resource report: {"command_name": "debug", "command_success": true, "command_wall_clock_time": 0.9637114, "process_user_time": 3.917379, "process_kernel_time": 1.037576, "process_mem_max_rss": "105924", "process_out_blocks": "1152", "process_in_blocks": "0"}
[0m13:37:16.326779 [debug] [MainThread]: Command `dbt debug` succeeded at 13:37:16.326486 after 0.97 seconds
[0m13:37:16.329988 [debug] [MainThread]: Connection 'debug' was properly closed.
[0m13:37:16.332355 [debug] [MainThread]: Sending event: {'category': 'dbt', 'action': 'invocation', 'label': 'end', 'context': [<snowplow_tracker.self_describing_json.SelfDescribingJson object at 0x7f5b9a565110>, <snowplow_tracker.self_describing_json.SelfDescribingJson object at 0x7f5b989a8290>, <snowplow_tracker.self_describing_json.SelfDescribingJson object at 0x7f5b9854c650>]}
[0m13:37:16.334689 [debug] [MainThread]: Flushing usage events
[0m13:37:35.309344 [debug] [MainThread]: Sending event: {'category': 'dbt', 'action': 'invocation', 'label': 'start', 'context': [<snowplow_tracker.self_describing_json.SelfDescribingJson object at 0x7f107d5fdfd0>, <snowplow_tracker.self_describing_json.SelfDescribingJson object at 0x7f107e218bd0>, <snowplow_tracker.self_describing_json.SelfDescribingJson object at 0x7f107d5fcc50>]}


============================== 13:37:35.323941 | 13f6c55a-74ec-4693-8411-6f9d869e575b ==============================
[0m13:37:35.323941 [info ] [MainThread]: Running with dbt=1.8.3
[0m13:37:35.328868 [debug] [MainThread]: running dbt with arguments {'printer_width': '80', 'indirect_selection': 'eager', 'log_cache_events': 'False', 'write_json': 'True', 'partial_parse': 'True', 'cache_selected_only': 'False', 'profiles_dir': '/dbt', 'fail_fast': 'False', 'version_check': 'True', 'log_path': '/dbt/logs', 'debug': 'False', 'warn_error': 'None', 'use_colors': 'True', 'use_experimental_parser': 'False', 'empty': 'False', 'quiet': 'False', 'no_print': 'None', 'log_format': 'default', 'introspect': 'True', 'static_parser': 'True', 'invocation_command': 'dbt run', 'target_path': 'None', 'warn_error_options': 'WarnErrorOptions(include=[], exclude=[])', 'send_anonymous_usage_stats': 'True'}
[0m13:37:35.714413 [debug] [MainThread]: Sending event: {'category': 'dbt', 'action': 'project_id', 'label': '13f6c55a-74ec-4693-8411-6f9d869e575b', 'context': [<snowplow_tracker.self_describing_json.SelfDescribingJson object at 0x7f107d4df210>]}
[0m13:37:35.821445 [debug] [MainThread]: Sending event: {'category': 'dbt', 'action': 'adapter_info', 'label': '13f6c55a-74ec-4693-8411-6f9d869e575b', 'context': [<snowplow_tracker.self_describing_json.SelfDescribingJson object at 0x7f107f1d1f50>]}
[0m13:37:35.824960 [info ] [MainThread]: Registered adapter: postgres=1.8.2
[0m13:37:35.855131 [debug] [MainThread]: checksum: 30bd4080c2bc8dee5936f8f60083ffbe1c906859d0fd965607c2144031479456, vars: {}, profile: , target: , version: 1.8.3
[0m13:37:35.902377 [info ] [MainThread]: Unable to do partial parsing because saved manifest not found. Starting full parse.
[0m13:37:35.905300 [debug] [MainThread]: Sending event: {'category': 'dbt', 'action': 'partial_parser', 'label': '13f6c55a-74ec-4693-8411-6f9d869e575b', 'context': [<snowplow_tracker.self_describing_json.SelfDescribingJson object at 0x7f107bd0ecd0>]}
[0m13:37:38.284563 [warn ] [MainThread]: [[33mWARNING[0m]: Deprecated functionality
The `tests` config has been renamed to `data_tests`. Please see
https://docs.getdbt.com/docs/build/data-tests#new-data_tests-syntax for more
information.
[0m13:37:38.287694 [debug] [MainThread]: Sending event: {'category': 'dbt', 'action': 'deprecation', 'label': '13f6c55a-74ec-4693-8411-6f9d869e575b', 'property_': 'warn', 'context': [<snowplow_tracker.self_describing_json.SelfDescribingJson object at 0x7f107bcd8e90>]}
[0m13:37:38.836932 [debug] [MainThread]: Sending event: {'category': 'dbt', 'action': 'load_project', 'label': '13f6c55a-74ec-4693-8411-6f9d869e575b', 'context': [<snowplow_tracker.self_describing_json.SelfDescribingJson object at 0x7f107a9f4290>]}
[0m13:37:39.268906 [debug] [MainThread]: Sending event: {'category': 'dbt', 'action': 'resource_counts', 'label': '13f6c55a-74ec-4693-8411-6f9d869e575b', 'context': [<snowplow_tracker.self_describing_json.SelfDescribingJson object at 0x7f107bc1b6d0>]}
[0m13:37:39.272336 [info ] [MainThread]: Found 3 models, 5 data tests, 415 macros
[0m13:37:39.276083 [debug] [MainThread]: Sending event: {'category': 'dbt', 'action': 'runnable_timing', 'label': '13f6c55a-74ec-4693-8411-6f9d869e575b', 'context': [<snowplow_tracker.self_describing_json.SelfDescribingJson object at 0x7f107bb26bd0>]}
[0m13:37:39.285535 [info ] [MainThread]: 
[0m13:37:39.289368 [debug] [MainThread]: Acquiring new postgres connection 'master'
[0m13:37:39.301448 [debug] [ThreadPool]: Acquiring new postgres connection 'list_quizops'
[0m13:37:39.391643 [debug] [ThreadPool]: Using postgres connection "list_quizops"
[0m13:37:39.394480 [debug] [ThreadPool]: On list_quizops: /* {"app": "dbt", "dbt_version": "1.8.3", "profile_name": "quizops", "target_name": "dev", "connection_name": "list_quizops"} */

    select distinct nspname from pg_namespace
  
[0m13:37:39.396808 [debug] [ThreadPool]: Opening a new connection, currently in state init
[0m13:37:39.458474 [debug] [ThreadPool]: SQL status: SELECT 4 in 0.0 seconds
[0m13:37:39.464097 [debug] [ThreadPool]: On list_quizops: Close
[0m13:37:39.472975 [debug] [ThreadPool]: Using postgres connection "list_quizops"
[0m13:37:39.475661 [debug] [ThreadPool]: On list_quizops: /* {"app": "dbt", "dbt_version": "1.8.3", "profile_name": "quizops", "target_name": "dev", "connection_name": "list_quizops"} */

    select distinct nspname from pg_namespace
  
[0m13:37:39.479238 [debug] [ThreadPool]: Opening a new connection, currently in state closed
[0m13:37:39.495925 [debug] [ThreadPool]: SQL status: SELECT 4 in 0.0 seconds
[0m13:37:39.500480 [debug] [ThreadPool]: On list_quizops: Close
[0m13:37:39.504609 [debug] [ThreadPool]: Re-using an available connection from the pool (formerly list_quizops, now create_quizops_analytics_staging)
[0m13:37:39.508389 [debug] [ThreadPool]: Creating schema "database: "quizops"
schema: "analytics_staging"
"
[0m13:37:39.521967 [debug] [ThreadPool]: Using postgres connection "create_quizops_analytics_staging"
[0m13:37:39.525725 [debug] [ThreadPool]: On create_quizops_analytics_staging: BEGIN
[0m13:37:39.528129 [debug] [ThreadPool]: Opening a new connection, currently in state closed
[0m13:37:39.545483 [debug] [ThreadPool]: SQL status: BEGIN in 0.0 seconds
[0m13:37:39.548581 [debug] [ThreadPool]: Using postgres connection "create_quizops_analytics_staging"
[0m13:37:39.552049 [debug] [ThreadPool]: On create_quizops_analytics_staging: /* {"app": "dbt", "dbt_version": "1.8.3", "profile_name": "quizops", "target_name": "dev", "connection_name": "create_quizops_analytics_staging"} */
create schema if not exists "analytics_staging"
[0m13:37:39.579939 [debug] [ThreadPool]: SQL status: CREATE SCHEMA in 0.0 seconds
[0m13:37:39.585256 [debug] [ThreadPool]: On create_quizops_analytics_staging: COMMIT
[0m13:37:39.588470 [debug] [ThreadPool]: Using postgres connection "create_quizops_analytics_staging"
[0m13:37:39.592218 [debug] [ThreadPool]: On create_quizops_analytics_staging: COMMIT
[0m13:37:39.599904 [debug] [ThreadPool]: SQL status: COMMIT in 0.0 seconds
[0m13:37:39.603131 [debug] [ThreadPool]: On create_quizops_analytics_staging: Close
[0m13:37:39.608341 [debug] [ThreadPool]: Re-using an available connection from the pool (formerly create_quizops_analytics_staging, now create_quizops_analytics_marts)
[0m13:37:39.613189 [debug] [ThreadPool]: Creating schema "database: "quizops"
schema: "analytics_marts"
"
[0m13:37:39.622523 [debug] [ThreadPool]: Using postgres connection "create_quizops_analytics_marts"
[0m13:37:39.626135 [debug] [ThreadPool]: On create_quizops_analytics_marts: BEGIN
[0m13:37:39.628567 [debug] [ThreadPool]: Opening a new connection, currently in state closed
[0m13:37:39.649239 [debug] [ThreadPool]: SQL status: BEGIN in 0.0 seconds
[0m13:37:39.653345 [debug] [ThreadPool]: Using postgres connection "create_quizops_analytics_marts"
[0m13:37:39.655905 [debug] [ThreadPool]: On create_quizops_analytics_marts: /* {"app": "dbt", "dbt_version": "1.8.3", "profile_name": "quizops", "target_name": "dev", "connection_name": "create_quizops_analytics_marts"} */
create schema if not exists "analytics_marts"
[0m13:37:39.659828 [debug] [ThreadPool]: SQL status: CREATE SCHEMA in 0.0 seconds
[0m13:37:39.663871 [debug] [ThreadPool]: On create_quizops_analytics_marts: COMMIT
[0m13:37:39.666202 [debug] [ThreadPool]: Using postgres connection "create_quizops_analytics_marts"
[0m13:37:39.668527 [debug] [ThreadPool]: On create_quizops_analytics_marts: COMMIT
[0m13:37:39.673183 [debug] [ThreadPool]: SQL status: COMMIT in 0.0 seconds
[0m13:37:39.675517 [debug] [ThreadPool]: On create_quizops_analytics_marts: Close
[0m13:37:39.680763 [debug] [ThreadPool]: Re-using an available connection from the pool (formerly create_quizops_analytics_marts, now list_quizops_analytics_staging)
[0m13:37:39.695984 [debug] [ThreadPool]: Using postgres connection "list_quizops_analytics_staging"
[0m13:37:39.698738 [debug] [ThreadPool]: On list_quizops_analytics_staging: BEGIN
[0m13:37:39.701284 [debug] [ThreadPool]: Opening a new connection, currently in state closed
[0m13:37:39.719852 [debug] [ThreadPool]: SQL status: BEGIN in 0.0 seconds
[0m13:37:39.724221 [debug] [ThreadPool]: Using postgres connection "list_quizops_analytics_staging"
[0m13:37:39.729986 [debug] [ThreadPool]: On list_quizops_analytics_staging: /* {"app": "dbt", "dbt_version": "1.8.3", "profile_name": "quizops", "target_name": "dev", "connection_name": "list_quizops_analytics_staging"} */
select
      'quizops' as database,
      tablename as name,
      schemaname as schema,
      'table' as type
    from pg_tables
    where schemaname ilike 'analytics_staging'
    union all
    select
      'quizops' as database,
      viewname as name,
      schemaname as schema,
      'view' as type
    from pg_views
    where schemaname ilike 'analytics_staging'
    union all
    select
      'quizops' as database,
      matviewname as name,
      schemaname as schema,
      'materialized_view' as type
    from pg_matviews
    where schemaname ilike 'analytics_staging'
  
[0m13:37:39.797622 [debug] [ThreadPool]: SQL status: SELECT 0 in 0.0 seconds
[0m13:37:39.803397 [debug] [ThreadPool]: On list_quizops_analytics_staging: ROLLBACK
[0m13:37:39.806324 [debug] [ThreadPool]: On list_quizops_analytics_staging: Close
[0m13:37:39.811045 [debug] [ThreadPool]: Re-using an available connection from the pool (formerly list_quizops_analytics_staging, now list_quizops_analytics_marts)
[0m13:37:39.821219 [debug] [ThreadPool]: Using postgres connection "list_quizops_analytics_marts"
[0m13:37:39.823980 [debug] [ThreadPool]: On list_quizops_analytics_marts: BEGIN
[0m13:37:39.828169 [debug] [ThreadPool]: Opening a new connection, currently in state closed
[0m13:37:39.847951 [debug] [ThreadPool]: SQL status: BEGIN in 0.0 seconds
[0m13:37:39.852380 [debug] [ThreadPool]: Using postgres connection "list_quizops_analytics_marts"
[0m13:37:39.854781 [debug] [ThreadPool]: On list_quizops_analytics_marts: /* {"app": "dbt", "dbt_version": "1.8.3", "profile_name": "quizops", "target_name": "dev", "connection_name": "list_quizops_analytics_marts"} */
select
      'quizops' as database,
      tablename as name,
      schemaname as schema,
      'table' as type
    from pg_tables
    where schemaname ilike 'analytics_marts'
    union all
    select
      'quizops' as database,
      viewname as name,
      schemaname as schema,
      'view' as type
    from pg_views
    where schemaname ilike 'analytics_marts'
    union all
    select
      'quizops' as database,
      matviewname as name,
      schemaname as schema,
      'materialized_view' as type
    from pg_matviews
    where schemaname ilike 'analytics_marts'
  
[0m13:37:39.864566 [debug] [ThreadPool]: SQL status: SELECT 0 in 0.0 seconds
[0m13:37:39.869801 [debug] [ThreadPool]: On list_quizops_analytics_marts: ROLLBACK
[0m13:37:39.872362 [debug] [ThreadPool]: On list_quizops_analytics_marts: Close
[0m13:37:39.886590 [debug] [MainThread]: Using postgres connection "master"
[0m13:37:39.891618 [debug] [MainThread]: On master: BEGIN
[0m13:37:39.894878 [debug] [MainThread]: Opening a new connection, currently in state init
[0m13:37:39.915033 [debug] [MainThread]: SQL status: BEGIN in 0.0 seconds
[0m13:37:39.917246 [debug] [MainThread]: Using postgres connection "master"
[0m13:37:39.919790 [debug] [MainThread]: On master: /* {"app": "dbt", "dbt_version": "1.8.3", "profile_name": "quizops", "target_name": "dev", "connection_name": "master"} */
with relation as (
        select
            pg_rewrite.ev_class as class,
            pg_rewrite.oid as id
        from pg_rewrite
    ),
    class as (
        select
            oid as id,
            relname as name,
            relnamespace as schema,
            relkind as kind
        from pg_class
    ),
    dependency as (
        select distinct
            pg_depend.objid as id,
            pg_depend.refobjid as ref
        from pg_depend
    ),
    schema as (
        select
            pg_namespace.oid as id,
            pg_namespace.nspname as name
        from pg_namespace
        where nspname != 'information_schema' and nspname not like 'pg\_%'
    ),
    referenced as (
        select
            relation.id AS id,
            referenced_class.name ,
            referenced_class.schema ,
            referenced_class.kind
        from relation
        join class as referenced_class on relation.class=referenced_class.id
        where referenced_class.kind in ('r', 'v', 'm')
    ),
    relationships as (
        select
            referenced.name as referenced_name,
            referenced.schema as referenced_schema_id,
            dependent_class.name as dependent_name,
            dependent_class.schema as dependent_schema_id,
            referenced.kind as kind
        from referenced
        join dependency on referenced.id=dependency.id
        join class as dependent_class on dependency.ref=dependent_class.id
        where
            (referenced.name != dependent_class.name or
             referenced.schema != dependent_class.schema)
    )

    select
        referenced_schema.name as referenced_schema,
        relationships.referenced_name as referenced_name,
        dependent_schema.name as dependent_schema,
        relationships.dependent_name as dependent_name
    from relationships
    join schema as dependent_schema on relationships.dependent_schema_id=dependent_schema.id
    join schema as referenced_schema on relationships.referenced_schema_id=referenced_schema.id
    group by referenced_schema, referenced_name, dependent_schema, dependent_name
    order by referenced_schema, referenced_name, dependent_schema, dependent_name;
[0m13:37:39.998332 [debug] [MainThread]: SQL status: SELECT 0 in 0.0 seconds
[0m13:37:40.002833 [debug] [MainThread]: Sending event: {'category': 'dbt', 'action': 'runnable_timing', 'label': '13f6c55a-74ec-4693-8411-6f9d869e575b', 'context': [<snowplow_tracker.self_describing_json.SelfDescribingJson object at 0x7f1079da4550>]}
[0m13:37:40.005855 [debug] [MainThread]: On master: ROLLBACK
[0m13:37:40.008727 [debug] [MainThread]: Using postgres connection "master"
[0m13:37:40.011660 [debug] [MainThread]: On master: BEGIN
[0m13:37:40.015315 [debug] [MainThread]: SQL status: BEGIN in 0.0 seconds
[0m13:37:40.017669 [debug] [MainThread]: On master: COMMIT
[0m13:37:40.019762 [debug] [MainThread]: Using postgres connection "master"
[0m13:37:40.022983 [debug] [MainThread]: On master: COMMIT
[0m13:37:40.027126 [debug] [MainThread]: SQL status: COMMIT in 0.0 seconds
[0m13:37:40.031749 [debug] [MainThread]: On master: Close
[0m13:37:40.034547 [info ] [MainThread]: Concurrency: 1 threads (target='dev')
[0m13:37:40.040380 [info ] [MainThread]: 
[0m13:37:40.071920 [debug] [Thread-1 (]: Began running node model.quizops.fact_answer
[0m13:37:40.075642 [info ] [Thread-1 (]: 1 of 3 START sql view model analytics_marts.fact_answer ........................ [RUN]
[0m13:37:40.080994 [debug] [Thread-1 (]: Re-using an available connection from the pool (formerly list_quizops_analytics_marts, now model.quizops.fact_answer)
[0m13:37:40.084292 [debug] [Thread-1 (]: Began compiling node model.quizops.fact_answer
[0m13:37:40.101209 [debug] [Thread-1 (]: Writing injected SQL for node "model.quizops.fact_answer"
[0m13:37:40.192490 [debug] [Thread-1 (]: Began executing node model.quizops.fact_answer
[0m13:37:40.274683 [debug] [Thread-1 (]: Writing runtime sql for node "model.quizops.fact_answer"
[0m13:37:40.321952 [debug] [Thread-1 (]: Using postgres connection "model.quizops.fact_answer"
[0m13:37:40.324862 [debug] [Thread-1 (]: On model.quizops.fact_answer: BEGIN
[0m13:37:40.327714 [debug] [Thread-1 (]: Opening a new connection, currently in state closed
[0m13:37:40.343868 [debug] [Thread-1 (]: SQL status: BEGIN in 0.0 seconds
[0m13:37:40.347312 [debug] [Thread-1 (]: Using postgres connection "model.quizops.fact_answer"
[0m13:37:40.349769 [debug] [Thread-1 (]: On model.quizops.fact_answer: /* {"app": "dbt", "dbt_version": "1.8.3", "profile_name": "quizops", "target_name": "dev", "node_id": "model.quizops.fact_answer"} */

  create view "quizops"."analytics_marts"."fact_answer__dbt_tmp"
    
    
  as (
    select
  ans.attempt_id,
  ans.question_id,
  ans.chosen_index,
  q.correct_index,
  case when ans.chosen_index = q.correct_index then 1 else 0 end as is_correct
from public.answers ans
join public.questions q
  on q.question_id = ans.question_id
  );
[0m13:37:40.405519 [debug] [Thread-1 (]: SQL status: CREATE VIEW in 0.0 seconds
[0m13:37:40.420494 [debug] [Thread-1 (]: Using postgres connection "model.quizops.fact_answer"
[0m13:37:40.423404 [debug] [Thread-1 (]: On model.quizops.fact_answer: /* {"app": "dbt", "dbt_version": "1.8.3", "profile_name": "quizops", "target_name": "dev", "node_id": "model.quizops.fact_answer"} */
alter table "quizops"."analytics_marts"."fact_answer__dbt_tmp" rename to "fact_answer"
[0m13:37:40.429851 [debug] [Thread-1 (]: SQL status: ALTER TABLE in 0.0 seconds
[0m13:37:40.461268 [debug] [Thread-1 (]: On model.quizops.fact_answer: COMMIT
[0m13:37:40.464236 [debug] [Thread-1 (]: Using postgres connection "model.quizops.fact_answer"
[0m13:37:40.467001 [debug] [Thread-1 (]: On model.quizops.fact_answer: COMMIT
[0m13:37:40.474333 [debug] [Thread-1 (]: SQL status: COMMIT in 0.0 seconds
[0m13:37:40.489855 [debug] [Thread-1 (]: Applying DROP to: "quizops"."analytics_marts"."fact_answer__dbt_backup"
[0m13:37:40.502937 [debug] [Thread-1 (]: Using postgres connection "model.quizops.fact_answer"
[0m13:37:40.506095 [debug] [Thread-1 (]: On model.quizops.fact_answer: /* {"app": "dbt", "dbt_version": "1.8.3", "profile_name": "quizops", "target_name": "dev", "node_id": "model.quizops.fact_answer"} */
drop view if exists "quizops"."analytics_marts"."fact_answer__dbt_backup" cascade
[0m13:37:40.511337 [debug] [Thread-1 (]: SQL status: DROP VIEW in 0.0 seconds
[0m13:37:40.517990 [debug] [Thread-1 (]: On model.quizops.fact_answer: Close
[0m13:37:40.523637 [debug] [Thread-1 (]: Sending event: {'category': 'dbt', 'action': 'run_model', 'label': '13f6c55a-74ec-4693-8411-6f9d869e575b', 'context': [<snowplow_tracker.self_describing_json.SelfDescribingJson object at 0x7f1079c81ed0>]}
[0m13:37:40.527179 [info ] [Thread-1 (]: 1 of 3 OK created sql view model analytics_marts.fact_answer ................... [[32mCREATE VIEW[0m in 0.44s]
[0m13:37:40.530740 [debug] [Thread-1 (]: Finished running node model.quizops.fact_answer
[0m13:37:40.533892 [debug] [Thread-1 (]: Began running node model.quizops.fact_attempt
[0m13:37:40.537510 [info ] [Thread-1 (]: 2 of 3 START sql view model analytics_marts.fact_attempt ....................... [RUN]
[0m13:37:40.542232 [debug] [Thread-1 (]: Re-using an available connection from the pool (formerly model.quizops.fact_answer, now model.quizops.fact_attempt)
[0m13:37:40.545123 [debug] [Thread-1 (]: Began compiling node model.quizops.fact_attempt
[0m13:37:40.552164 [debug] [Thread-1 (]: Writing injected SQL for node "model.quizops.fact_attempt"
[0m13:37:40.576663 [debug] [Thread-1 (]: Began executing node model.quizops.fact_attempt
[0m13:37:40.587207 [debug] [Thread-1 (]: Writing runtime sql for node "model.quizops.fact_attempt"
[0m13:37:40.609089 [debug] [Thread-1 (]: Using postgres connection "model.quizops.fact_attempt"
[0m13:37:40.612288 [debug] [Thread-1 (]: On model.quizops.fact_attempt: BEGIN
[0m13:37:40.615144 [debug] [Thread-1 (]: Opening a new connection, currently in state closed
[0m13:37:40.633129 [debug] [Thread-1 (]: SQL status: BEGIN in 0.0 seconds
[0m13:37:40.636481 [debug] [Thread-1 (]: Using postgres connection "model.quizops.fact_attempt"
[0m13:37:40.639632 [debug] [Thread-1 (]: On model.quizops.fact_attempt: /* {"app": "dbt", "dbt_version": "1.8.3", "profile_name": "quizops", "target_name": "dev", "node_id": "model.quizops.fact_attempt"} */

  create view "quizops"."analytics_marts"."fact_attempt__dbt_tmp"
    
    
  as (
    select
  attempt_id,
  quiz_id,
  user_id,
  started_at,
  submitted_at,
  score,
  max_score
from public.attempts
  );
[0m13:37:40.650398 [debug] [Thread-1 (]: SQL status: CREATE VIEW in 0.0 seconds
[0m13:37:40.666286 [debug] [Thread-1 (]: Using postgres connection "model.quizops.fact_attempt"
[0m13:37:40.669154 [debug] [Thread-1 (]: On model.quizops.fact_attempt: /* {"app": "dbt", "dbt_version": "1.8.3", "profile_name": "quizops", "target_name": "dev", "node_id": "model.quizops.fact_attempt"} */
alter table "quizops"."analytics_marts"."fact_attempt__dbt_tmp" rename to "fact_attempt"
[0m13:37:40.675193 [debug] [Thread-1 (]: SQL status: ALTER TABLE in 0.0 seconds
[0m13:37:40.680440 [debug] [Thread-1 (]: On model.quizops.fact_attempt: COMMIT
[0m13:37:40.683566 [debug] [Thread-1 (]: Using postgres connection "model.quizops.fact_attempt"
[0m13:37:40.686775 [debug] [Thread-1 (]: On model.quizops.fact_attempt: COMMIT
[0m13:37:40.692995 [debug] [Thread-1 (]: SQL status: COMMIT in 0.0 seconds
[0m13:37:40.701061 [debug] [Thread-1 (]: Applying DROP to: "quizops"."analytics_marts"."fact_attempt__dbt_backup"
[0m13:37:40.705148 [debug] [Thread-1 (]: Using postgres connection "model.quizops.fact_attempt"
[0m13:37:40.708029 [debug] [Thread-1 (]: On model.quizops.fact_attempt: /* {"app": "dbt", "dbt_version": "1.8.3", "profile_name": "quizops", "target_name": "dev", "node_id": "model.quizops.fact_attempt"} */
drop view if exists "quizops"."analytics_marts"."fact_attempt__dbt_backup" cascade
[0m13:37:40.711818 [debug] [Thread-1 (]: SQL status: DROP VIEW in 0.0 seconds
[0m13:37:40.717547 [debug] [Thread-1 (]: On model.quizops.fact_attempt: Close
[0m13:37:40.721630 [debug] [Thread-1 (]: Sending event: {'category': 'dbt', 'action': 'run_model', 'label': '13f6c55a-74ec-4693-8411-6f9d869e575b', 'context': [<snowplow_tracker.self_describing_json.SelfDescribingJson object at 0x7f1079ddfc50>]}
[0m13:37:40.725446 [info ] [Thread-1 (]: 2 of 3 OK created sql view model analytics_marts.fact_attempt .................. [[32mCREATE VIEW[0m in 0.18s]
[0m13:37:40.729490 [debug] [Thread-1 (]: Finished running node model.quizops.fact_attempt
[0m13:37:40.733462 [debug] [Thread-1 (]: Began running node model.quizops.stg_answers
[0m13:37:40.736961 [info ] [Thread-1 (]: 3 of 3 START sql view model analytics_staging.stg_answers ...................... [RUN]
[0m13:37:40.742576 [debug] [Thread-1 (]: Re-using an available connection from the pool (formerly model.quizops.fact_attempt, now model.quizops.stg_answers)
[0m13:37:40.746304 [debug] [Thread-1 (]: Began compiling node model.quizops.stg_answers
[0m13:37:40.752754 [debug] [Thread-1 (]: Writing injected SQL for node "model.quizops.stg_answers"
[0m13:37:40.791195 [debug] [Thread-1 (]: Began executing node model.quizops.stg_answers
[0m13:37:40.806717 [debug] [Thread-1 (]: Writing runtime sql for node "model.quizops.stg_answers"
[0m13:37:40.882259 [debug] [Thread-1 (]: Using postgres connection "model.quizops.stg_answers"
[0m13:37:40.886003 [debug] [Thread-1 (]: On model.quizops.stg_answers: BEGIN
[0m13:37:40.890751 [debug] [Thread-1 (]: Opening a new connection, currently in state closed
[0m13:37:40.912936 [debug] [Thread-1 (]: SQL status: BEGIN in 0.0 seconds
[0m13:37:40.915443 [debug] [Thread-1 (]: Using postgres connection "model.quizops.stg_answers"
[0m13:37:40.917759 [debug] [Thread-1 (]: On model.quizops.stg_answers: /* {"app": "dbt", "dbt_version": "1.8.3", "profile_name": "quizops", "target_name": "dev", "node_id": "model.quizops.stg_answers"} */

  create view "quizops"."analytics_staging"."stg_answers__dbt_tmp"
    
    
  as (
    select
  answer_id,
  attempt_id,
  question_id,
  chosen_index,
  created_at
from public.answers
  );
[0m13:37:40.928128 [debug] [Thread-1 (]: SQL status: CREATE VIEW in 0.0 seconds
[0m13:37:40.936130 [debug] [Thread-1 (]: Using postgres connection "model.quizops.stg_answers"
[0m13:37:40.938741 [debug] [Thread-1 (]: On model.quizops.stg_answers: /* {"app": "dbt", "dbt_version": "1.8.3", "profile_name": "quizops", "target_name": "dev", "node_id": "model.quizops.stg_answers"} */
alter table "quizops"."analytics_staging"."stg_answers__dbt_tmp" rename to "stg_answers"
[0m13:37:40.943069 [debug] [Thread-1 (]: SQL status: ALTER TABLE in 0.0 seconds
[0m13:37:40.947286 [debug] [Thread-1 (]: On model.quizops.stg_answers: COMMIT
[0m13:37:40.949629 [debug] [Thread-1 (]: Using postgres connection "model.quizops.stg_answers"
[0m13:37:40.951968 [debug] [Thread-1 (]: On model.quizops.stg_answers: COMMIT
[0m13:37:40.958289 [debug] [Thread-1 (]: SQL status: COMMIT in 0.0 seconds
[0m13:37:40.966057 [debug] [Thread-1 (]: Applying DROP to: "quizops"."analytics_staging"."stg_answers__dbt_backup"
[0m13:37:40.970132 [debug] [Thread-1 (]: Using postgres connection "model.quizops.stg_answers"
[0m13:37:40.973297 [debug] [Thread-1 (]: On model.quizops.stg_answers: /* {"app": "dbt", "dbt_version": "1.8.3", "profile_name": "quizops", "target_name": "dev", "node_id": "model.quizops.stg_answers"} */
drop view if exists "quizops"."analytics_staging"."stg_answers__dbt_backup" cascade
[0m13:37:40.976373 [debug] [Thread-1 (]: SQL status: DROP VIEW in 0.0 seconds
[0m13:37:40.980992 [debug] [Thread-1 (]: On model.quizops.stg_answers: Close
[0m13:37:40.984572 [debug] [Thread-1 (]: Sending event: {'category': 'dbt', 'action': 'run_model', 'label': '13f6c55a-74ec-4693-8411-6f9d869e575b', 'context': [<snowplow_tracker.self_describing_json.SelfDescribingJson object at 0x7f107baeec90>]}
[0m13:37:40.988849 [info ] [Thread-1 (]: 3 of 3 OK created sql view model analytics_staging.stg_answers ................. [[32mCREATE VIEW[0m in 0.24s]
[0m13:37:40.995510 [debug] [Thread-1 (]: Finished running node model.quizops.stg_answers
[0m13:37:41.002802 [debug] [MainThread]: Using postgres connection "master"
[0m13:37:41.006858 [debug] [MainThread]: On master: BEGIN
[0m13:37:41.010224 [debug] [MainThread]: Opening a new connection, currently in state closed
[0m13:37:41.031077 [debug] [MainThread]: SQL status: BEGIN in 0.0 seconds
[0m13:37:41.033883 [debug] [MainThread]: On master: COMMIT
[0m13:37:41.037230 [debug] [MainThread]: Using postgres connection "master"
[0m13:37:41.040142 [debug] [MainThread]: On master: COMMIT
[0m13:37:41.042997 [debug] [MainThread]: SQL status: COMMIT in 0.0 seconds
[0m13:37:41.045025 [debug] [MainThread]: On master: Close
[0m13:37:41.047795 [debug] [MainThread]: Connection 'master' was properly closed.
[0m13:37:41.050565 [debug] [MainThread]: Connection 'model.quizops.stg_answers' was properly closed.
[0m13:37:41.053245 [info ] [MainThread]: 
[0m13:37:41.057713 [info ] [MainThread]: Finished running 3 view models in 0 hours 0 minutes and 1.76 seconds (1.76s).
[0m13:37:41.062429 [debug] [MainThread]: Command end result
[0m13:37:41.182683 [info ] [MainThread]: 
[0m13:37:41.187968 [info ] [MainThread]: [32mCompleted successfully[0m
[0m13:37:41.194421 [info ] [MainThread]: 
[0m13:37:41.198442 [info ] [MainThread]: Done. PASS=3 WARN=0 ERROR=0 SKIP=0 TOTAL=3
[0m13:37:41.203618 [debug] [MainThread]: Resource report: {"command_name": "run", "command_success": true, "command_wall_clock_time": 6.026958, "process_user_time": 6.949074, "process_kernel_time": 0.840777, "process_mem_max_rss": "115296", "process_out_blocks": "1272", "process_in_blocks": "0"}
[0m13:37:41.207632 [debug] [MainThread]: Command `dbt run` succeeded at 13:37:41.207294 after 6.03 seconds
[0m13:37:41.210591 [debug] [MainThread]: Sending event: {'category': 'dbt', 'action': 'invocation', 'label': 'end', 'context': [<snowplow_tracker.self_describing_json.SelfDescribingJson object at 0x7f107d60a150>, <snowplow_tracker.self_describing_json.SelfDescribingJson object at 0x7f107d609050>, <snowplow_tracker.self_describing_json.SelfDescribingJson object at 0x7f10813f8650>]}
[0m13:37:41.213622 [debug] [MainThread]: Flushing usage events
[0m13:37:56.038479 [debug] [MainThread]: Sending event: {'category': 'dbt', 'action': 'invocation', 'label': 'start', 'context': [<snowplow_tracker.self_describing_json.SelfDescribingJson object at 0x7fd5ade9a790>, <snowplow_tracker.self_describing_json.SelfDescribingJson object at 0x7fd5ae423750>, <snowplow_tracker.self_describing_json.SelfDescribingJson object at 0x7fd5adeee7d0>]}


============================== 13:37:56.057892 | 36a1723f-e042-4365-accf-d499a1dbb557 ==============================
[0m13:37:56.057892 [info ] [MainThread]: Running with dbt=1.8.3
[0m13:37:56.062724 [debug] [MainThread]: running dbt with arguments {'printer_width': '80', 'indirect_selection': 'eager', 'write_json': 'True', 'log_cache_events': 'False', 'partial_parse': 'True', 'cache_selected_only': 'False', 'profiles_dir': '/dbt', 'version_check': 'True', 'debug': 'False', 'log_path': '/dbt/logs', 'warn_error': 'None', 'fail_fast': 'False', 'use_colors': 'True', 'use_experimental_parser': 'False', 'no_print': 'None', 'quiet': 'False', 'empty': 'None', 'log_format': 'default', 'introspect': 'True', 'invocation_command': 'dbt test', 'warn_error_options': 'WarnErrorOptions(include=[], exclude=[])', 'target_path': 'None', 'static_parser': 'True', 'send_anonymous_usage_stats': 'True'}
[0m13:37:56.605624 [debug] [MainThread]: Sending event: {'category': 'dbt', 'action': 'project_id', 'label': '36a1723f-e042-4365-accf-d499a1dbb557', 'context': [<snowplow_tracker.self_describing_json.SelfDescribingJson object at 0x7fd5ae1dd190>]}
[0m13:37:56.726806 [debug] [MainThread]: Sending event: {'category': 'dbt', 'action': 'adapter_info', 'label': '36a1723f-e042-4365-accf-d499a1dbb557', 'context': [<snowplow_tracker.self_describing_json.SelfDescribingJson object at 0x7fd5adf51550>]}
[0m13:37:56.751428 [info ] [MainThread]: Registered adapter: postgres=1.8.2
[0m13:37:56.793111 [debug] [MainThread]: checksum: 30bd4080c2bc8dee5936f8f60083ffbe1c906859d0fd965607c2144031479456, vars: {}, profile: , target: , version: 1.8.3
[0m13:37:57.461641 [debug] [MainThread]: Partial parsing enabled: 0 files deleted, 0 files added, 0 files changed.
[0m13:37:57.464198 [debug] [MainThread]: Partial parsing enabled, no changes found, skipping parsing
[0m13:37:57.549504 [debug] [MainThread]: Sending event: {'category': 'dbt', 'action': 'load_project', 'label': '36a1723f-e042-4365-accf-d499a1dbb557', 'context': [<snowplow_tracker.self_describing_json.SelfDescribingJson object at 0x7fd5adf50350>]}
[0m13:37:57.879344 [debug] [MainThread]: Sending event: {'category': 'dbt', 'action': 'resource_counts', 'label': '36a1723f-e042-4365-accf-d499a1dbb557', 'context': [<snowplow_tracker.self_describing_json.SelfDescribingJson object at 0x7fd5ac237590>]}
[0m13:37:57.882549 [info ] [MainThread]: Found 3 models, 5 data tests, 415 macros
[0m13:37:57.887382 [debug] [MainThread]: Sending event: {'category': 'dbt', 'action': 'runnable_timing', 'label': '36a1723f-e042-4365-accf-d499a1dbb557', 'context': [<snowplow_tracker.self_describing_json.SelfDescribingJson object at 0x7fd5adebd810>]}
[0m13:37:57.895359 [info ] [MainThread]: 
[0m13:37:57.900496 [debug] [MainThread]: Acquiring new postgres connection 'master'
[0m13:37:57.913890 [debug] [ThreadPool]: Acquiring new postgres connection 'list_quizops_analytics_marts'
[0m13:37:58.016300 [debug] [ThreadPool]: Using postgres connection "list_quizops_analytics_marts"
[0m13:37:58.018389 [debug] [ThreadPool]: On list_quizops_analytics_marts: BEGIN
[0m13:37:58.020207 [debug] [ThreadPool]: Opening a new connection, currently in state init
[0m13:37:58.042900 [debug] [ThreadPool]: SQL status: BEGIN in 0.0 seconds
[0m13:37:58.044989 [debug] [ThreadPool]: Using postgres connection "list_quizops_analytics_marts"
[0m13:37:58.047305 [debug] [ThreadPool]: On list_quizops_analytics_marts: /* {"app": "dbt", "dbt_version": "1.8.3", "profile_name": "quizops", "target_name": "dev", "connection_name": "list_quizops_analytics_marts"} */
select
      'quizops' as database,
      tablename as name,
      schemaname as schema,
      'table' as type
    from pg_tables
    where schemaname ilike 'analytics_marts'
    union all
    select
      'quizops' as database,
      viewname as name,
      schemaname as schema,
      'view' as type
    from pg_views
    where schemaname ilike 'analytics_marts'
    union all
    select
      'quizops' as database,
      matviewname as name,
      schemaname as schema,
      'materialized_view' as type
    from pg_matviews
    where schemaname ilike 'analytics_marts'
  
[0m13:37:58.060551 [debug] [ThreadPool]: SQL status: SELECT 2 in 0.0 seconds
[0m13:37:58.064320 [debug] [ThreadPool]: On list_quizops_analytics_marts: ROLLBACK
[0m13:37:58.066914 [debug] [ThreadPool]: On list_quizops_analytics_marts: Close
[0m13:37:58.069621 [debug] [ThreadPool]: Re-using an available connection from the pool (formerly list_quizops_analytics_marts, now list_quizops_analytics_staging)
[0m13:37:58.079055 [debug] [ThreadPool]: Using postgres connection "list_quizops_analytics_staging"
[0m13:37:58.081063 [debug] [ThreadPool]: On list_quizops_analytics_staging: BEGIN
[0m13:37:58.083128 [debug] [ThreadPool]: Opening a new connection, currently in state closed
[0m13:37:58.097528 [debug] [ThreadPool]: SQL status: BEGIN in 0.0 seconds
[0m13:37:58.099478 [debug] [ThreadPool]: Using postgres connection "list_quizops_analytics_staging"
[0m13:37:58.101320 [debug] [ThreadPool]: On list_quizops_analytics_staging: /* {"app": "dbt", "dbt_version": "1.8.3", "profile_name": "quizops", "target_name": "dev", "connection_name": "list_quizops_analytics_staging"} */
select
      'quizops' as database,
      tablename as name,
      schemaname as schema,
      'table' as type
    from pg_tables
    where schemaname ilike 'analytics_staging'
    union all
    select
      'quizops' as database,
      viewname as name,
      schemaname as schema,
      'view' as type
    from pg_views
    where schemaname ilike 'analytics_staging'
    union all
    select
      'quizops' as database,
      matviewname as name,
      schemaname as schema,
      'materialized_view' as type
    from pg_matviews
    where schemaname ilike 'analytics_staging'
  
[0m13:37:58.108549 [debug] [ThreadPool]: SQL status: SELECT 1 in 0.0 seconds
[0m13:37:58.112558 [debug] [ThreadPool]: On list_quizops_analytics_staging: ROLLBACK
[0m13:37:58.115173 [debug] [ThreadPool]: On list_quizops_analytics_staging: Close
[0m13:37:58.127420 [debug] [MainThread]: Using postgres connection "master"
[0m13:37:58.131108 [debug] [MainThread]: On master: BEGIN
[0m13:37:58.133304 [debug] [MainThread]: Opening a new connection, currently in state init
[0m13:37:58.148879 [debug] [MainThread]: SQL status: BEGIN in 0.0 seconds
[0m13:37:58.152005 [debug] [MainThread]: Using postgres connection "master"
[0m13:37:58.154425 [debug] [MainThread]: On master: /* {"app": "dbt", "dbt_version": "1.8.3", "profile_name": "quizops", "target_name": "dev", "connection_name": "master"} */
with relation as (
        select
            pg_rewrite.ev_class as class,
            pg_rewrite.oid as id
        from pg_rewrite
    ),
    class as (
        select
            oid as id,
            relname as name,
            relnamespace as schema,
            relkind as kind
        from pg_class
    ),
    dependency as (
        select distinct
            pg_depend.objid as id,
            pg_depend.refobjid as ref
        from pg_depend
    ),
    schema as (
        select
            pg_namespace.oid as id,
            pg_namespace.nspname as name
        from pg_namespace
        where nspname != 'information_schema' and nspname not like 'pg\_%'
    ),
    referenced as (
        select
            relation.id AS id,
            referenced_class.name ,
            referenced_class.schema ,
            referenced_class.kind
        from relation
        join class as referenced_class on relation.class=referenced_class.id
        where referenced_class.kind in ('r', 'v', 'm')
    ),
    relationships as (
        select
            referenced.name as referenced_name,
            referenced.schema as referenced_schema_id,
            dependent_class.name as dependent_name,
            dependent_class.schema as dependent_schema_id,
            referenced.kind as kind
        from referenced
        join dependency on referenced.id=dependency.id
        join class as dependent_class on dependency.ref=dependent_class.id
        where
            (referenced.name != dependent_class.name or
             referenced.schema != dependent_class.schema)
    )

    select
        referenced_schema.name as referenced_schema,
        relationships.referenced_name as referenced_name,
        dependent_schema.name as dependent_schema,
        relationships.dependent_name as dependent_name
    from relationships
    join schema as dependent_schema on relationships.dependent_schema_id=dependent_schema.id
    join schema as referenced_schema on relationships.referenced_schema_id=referenced_schema.id
    group by referenced_schema, referenced_name, dependent_schema, dependent_name
    order by referenced_schema, referenced_name, dependent_schema, dependent_name;
[0m13:37:58.168370 [debug] [MainThread]: SQL status: SELECT 4 in 0.0 seconds
[0m13:37:58.173597 [debug] [MainThread]: Sending event: {'category': 'dbt', 'action': 'runnable_timing', 'label': '36a1723f-e042-4365-accf-d499a1dbb557', 'context': [<snowplow_tracker.self_describing_json.SelfDescribingJson object at 0x7fd5aeb6a610>]}
[0m13:37:58.176621 [debug] [MainThread]: On master: ROLLBACK
[0m13:37:58.179245 [debug] [MainThread]: Using postgres connection "master"
[0m13:37:58.181347 [debug] [MainThread]: On master: BEGIN
[0m13:37:58.184655 [debug] [MainThread]: SQL status: BEGIN in 0.0 seconds
[0m13:37:58.186976 [debug] [MainThread]: On master: COMMIT
[0m13:37:58.189330 [debug] [MainThread]: Using postgres connection "master"
[0m13:37:58.191315 [debug] [MainThread]: On master: COMMIT
[0m13:37:58.193949 [debug] [MainThread]: SQL status: COMMIT in 0.0 seconds
[0m13:37:58.196178 [debug] [MainThread]: On master: Close
[0m13:37:58.198777 [info ] [MainThread]: Concurrency: 1 threads (target='dev')
[0m13:37:58.202588 [info ] [MainThread]: 
[0m13:37:58.228272 [debug] [Thread-1 (]: Began running node test.quizops.not_null_fact_answer_attempt_id.6e48b91d22
[0m13:37:58.231318 [info ] [Thread-1 (]: 1 of 5 START test not_null_fact_answer_attempt_id .............................. [RUN]
[0m13:37:58.235434 [debug] [Thread-1 (]: Re-using an available connection from the pool (formerly list_quizops_analytics_staging, now test.quizops.not_null_fact_answer_attempt_id.6e48b91d22)
[0m13:37:58.237894 [debug] [Thread-1 (]: Began compiling node test.quizops.not_null_fact_answer_attempt_id.6e48b91d22
[0m13:37:58.280181 [debug] [Thread-1 (]: Writing injected SQL for node "test.quizops.not_null_fact_answer_attempt_id.6e48b91d22"
[0m13:37:58.334023 [debug] [Thread-1 (]: Began executing node test.quizops.not_null_fact_answer_attempt_id.6e48b91d22
[0m13:37:58.369556 [debug] [Thread-1 (]: Writing runtime sql for node "test.quizops.not_null_fact_answer_attempt_id.6e48b91d22"
[0m13:37:58.406124 [debug] [Thread-1 (]: Using postgres connection "test.quizops.not_null_fact_answer_attempt_id.6e48b91d22"
[0m13:37:58.408826 [debug] [Thread-1 (]: On test.quizops.not_null_fact_answer_attempt_id.6e48b91d22: BEGIN
[0m13:37:58.411279 [debug] [Thread-1 (]: Opening a new connection, currently in state closed
[0m13:37:58.429445 [debug] [Thread-1 (]: SQL status: BEGIN in 0.0 seconds
[0m13:37:58.431926 [debug] [Thread-1 (]: Using postgres connection "test.quizops.not_null_fact_answer_attempt_id.6e48b91d22"
[0m13:37:58.434144 [debug] [Thread-1 (]: On test.quizops.not_null_fact_answer_attempt_id.6e48b91d22: /* {"app": "dbt", "dbt_version": "1.8.3", "profile_name": "quizops", "target_name": "dev", "node_id": "test.quizops.not_null_fact_answer_attempt_id.6e48b91d22"} */
select
      count(*) as failures,
      count(*) != 0 as should_warn,
      count(*) != 0 as should_error
    from (
      
    
    



select attempt_id
from "quizops"."analytics_marts"."fact_answer"
where attempt_id is null



      
    ) dbt_internal_test
[0m13:37:58.460690 [debug] [Thread-1 (]: SQL status: SELECT 1 in 0.0 seconds
[0m13:37:58.470144 [debug] [Thread-1 (]: On test.quizops.not_null_fact_answer_attempt_id.6e48b91d22: ROLLBACK
[0m13:37:58.473606 [debug] [Thread-1 (]: On test.quizops.not_null_fact_answer_attempt_id.6e48b91d22: Close
[0m13:37:58.476988 [info ] [Thread-1 (]: 1 of 5 PASS not_null_fact_answer_attempt_id .................................... [[32mPASS[0m in 0.24s]
[0m13:37:58.481776 [debug] [Thread-1 (]: Finished running node test.quizops.not_null_fact_answer_attempt_id.6e48b91d22
[0m13:37:58.485367 [debug] [Thread-1 (]: Began running node test.quizops.not_null_fact_answer_question_id.e9db22aa09
[0m13:37:58.488468 [info ] [Thread-1 (]: 2 of 5 START test not_null_fact_answer_question_id ............................. [RUN]
[0m13:37:58.492102 [debug] [Thread-1 (]: Re-using an available connection from the pool (formerly test.quizops.not_null_fact_answer_attempt_id.6e48b91d22, now test.quizops.not_null_fact_answer_question_id.e9db22aa09)
[0m13:37:58.495369 [debug] [Thread-1 (]: Began compiling node test.quizops.not_null_fact_answer_question_id.e9db22aa09
[0m13:37:58.506259 [debug] [Thread-1 (]: Writing injected SQL for node "test.quizops.not_null_fact_answer_question_id.e9db22aa09"
[0m13:37:58.529802 [debug] [Thread-1 (]: Began executing node test.quizops.not_null_fact_answer_question_id.e9db22aa09
[0m13:37:58.536707 [debug] [Thread-1 (]: Writing runtime sql for node "test.quizops.not_null_fact_answer_question_id.e9db22aa09"
[0m13:37:58.561542 [debug] [Thread-1 (]: Using postgres connection "test.quizops.not_null_fact_answer_question_id.e9db22aa09"
[0m13:37:58.564062 [debug] [Thread-1 (]: On test.quizops.not_null_fact_answer_question_id.e9db22aa09: BEGIN
[0m13:37:58.566513 [debug] [Thread-1 (]: Opening a new connection, currently in state closed
[0m13:37:58.581730 [debug] [Thread-1 (]: SQL status: BEGIN in 0.0 seconds
[0m13:37:58.584133 [debug] [Thread-1 (]: Using postgres connection "test.quizops.not_null_fact_answer_question_id.e9db22aa09"
[0m13:37:58.586414 [debug] [Thread-1 (]: On test.quizops.not_null_fact_answer_question_id.e9db22aa09: /* {"app": "dbt", "dbt_version": "1.8.3", "profile_name": "quizops", "target_name": "dev", "node_id": "test.quizops.not_null_fact_answer_question_id.e9db22aa09"} */
select
      count(*) as failures,
      count(*) != 0 as should_warn,
      count(*) != 0 as should_error
    from (
      
    
    



select question_id
from "quizops"."analytics_marts"."fact_answer"
where question_id is null



      
    ) dbt_internal_test
[0m13:37:58.592053 [debug] [Thread-1 (]: SQL status: SELECT 1 in 0.0 seconds
[0m13:37:58.597298 [debug] [Thread-1 (]: On test.quizops.not_null_fact_answer_question_id.e9db22aa09: ROLLBACK
[0m13:37:58.600374 [debug] [Thread-1 (]: On test.quizops.not_null_fact_answer_question_id.e9db22aa09: Close
[0m13:37:58.603541 [info ] [Thread-1 (]: 2 of 5 PASS not_null_fact_answer_question_id ................................... [[32mPASS[0m in 0.11s]
[0m13:37:58.608318 [debug] [Thread-1 (]: Finished running node test.quizops.not_null_fact_answer_question_id.e9db22aa09
[0m13:37:58.611308 [debug] [Thread-1 (]: Began running node test.quizops.not_null_fact_attempt_attempt_id.7d50657faa
[0m13:37:58.613694 [info ] [Thread-1 (]: 3 of 5 START test not_null_fact_attempt_attempt_id ............................. [RUN]
[0m13:37:58.616710 [debug] [Thread-1 (]: Re-using an available connection from the pool (formerly test.quizops.not_null_fact_answer_question_id.e9db22aa09, now test.quizops.not_null_fact_attempt_attempt_id.7d50657faa)
[0m13:37:58.619350 [debug] [Thread-1 (]: Began compiling node test.quizops.not_null_fact_attempt_attempt_id.7d50657faa
[0m13:37:58.630339 [debug] [Thread-1 (]: Writing injected SQL for node "test.quizops.not_null_fact_attempt_attempt_id.7d50657faa"
[0m13:37:58.656828 [debug] [Thread-1 (]: Began executing node test.quizops.not_null_fact_attempt_attempt_id.7d50657faa
[0m13:37:58.663594 [debug] [Thread-1 (]: Writing runtime sql for node "test.quizops.not_null_fact_attempt_attempt_id.7d50657faa"
[0m13:37:58.687796 [debug] [Thread-1 (]: Using postgres connection "test.quizops.not_null_fact_attempt_attempt_id.7d50657faa"
[0m13:37:58.690441 [debug] [Thread-1 (]: On test.quizops.not_null_fact_attempt_attempt_id.7d50657faa: BEGIN
[0m13:37:58.692814 [debug] [Thread-1 (]: Opening a new connection, currently in state closed
[0m13:37:58.708066 [debug] [Thread-1 (]: SQL status: BEGIN in 0.0 seconds
[0m13:37:58.710486 [debug] [Thread-1 (]: Using postgres connection "test.quizops.not_null_fact_attempt_attempt_id.7d50657faa"
[0m13:37:58.712763 [debug] [Thread-1 (]: On test.quizops.not_null_fact_attempt_attempt_id.7d50657faa: /* {"app": "dbt", "dbt_version": "1.8.3", "profile_name": "quizops", "target_name": "dev", "node_id": "test.quizops.not_null_fact_attempt_attempt_id.7d50657faa"} */
select
      count(*) as failures,
      count(*) != 0 as should_warn,
      count(*) != 0 as should_error
    from (
      
    
    



select attempt_id
from "quizops"."analytics_marts"."fact_attempt"
where attempt_id is null



      
    ) dbt_internal_test
[0m13:37:58.718664 [debug] [Thread-1 (]: SQL status: SELECT 1 in 0.0 seconds
[0m13:37:58.723279 [debug] [Thread-1 (]: On test.quizops.not_null_fact_attempt_attempt_id.7d50657faa: ROLLBACK
[0m13:37:58.726484 [debug] [Thread-1 (]: On test.quizops.not_null_fact_attempt_attempt_id.7d50657faa: Close
[0m13:37:58.729713 [info ] [Thread-1 (]: 3 of 5 PASS not_null_fact_attempt_attempt_id ................................... [[32mPASS[0m in 0.11s]
[0m13:37:58.733658 [debug] [Thread-1 (]: Finished running node test.quizops.not_null_fact_attempt_attempt_id.7d50657faa
[0m13:37:58.736742 [debug] [Thread-1 (]: Began running node test.quizops.not_null_fact_attempt_quiz_id.1d80f43528
[0m13:37:58.740125 [info ] [Thread-1 (]: 4 of 5 START test not_null_fact_attempt_quiz_id ................................ [RUN]
[0m13:37:58.743555 [debug] [Thread-1 (]: Re-using an available connection from the pool (formerly test.quizops.not_null_fact_attempt_attempt_id.7d50657faa, now test.quizops.not_null_fact_attempt_quiz_id.1d80f43528)
[0m13:37:58.747148 [debug] [Thread-1 (]: Began compiling node test.quizops.not_null_fact_attempt_quiz_id.1d80f43528
[0m13:37:58.757638 [debug] [Thread-1 (]: Writing injected SQL for node "test.quizops.not_null_fact_attempt_quiz_id.1d80f43528"
[0m13:37:58.783800 [debug] [Thread-1 (]: Began executing node test.quizops.not_null_fact_attempt_quiz_id.1d80f43528
[0m13:37:58.793080 [debug] [Thread-1 (]: Writing runtime sql for node "test.quizops.not_null_fact_attempt_quiz_id.1d80f43528"
[0m13:37:58.817658 [debug] [Thread-1 (]: Using postgres connection "test.quizops.not_null_fact_attempt_quiz_id.1d80f43528"
[0m13:37:58.820693 [debug] [Thread-1 (]: On test.quizops.not_null_fact_attempt_quiz_id.1d80f43528: BEGIN
[0m13:37:58.823679 [debug] [Thread-1 (]: Opening a new connection, currently in state closed
[0m13:37:58.840015 [debug] [Thread-1 (]: SQL status: BEGIN in 0.0 seconds
[0m13:37:58.842430 [debug] [Thread-1 (]: Using postgres connection "test.quizops.not_null_fact_attempt_quiz_id.1d80f43528"
[0m13:37:58.844705 [debug] [Thread-1 (]: On test.quizops.not_null_fact_attempt_quiz_id.1d80f43528: /* {"app": "dbt", "dbt_version": "1.8.3", "profile_name": "quizops", "target_name": "dev", "node_id": "test.quizops.not_null_fact_attempt_quiz_id.1d80f43528"} */
select
      count(*) as failures,
      count(*) != 0 as should_warn,
      count(*) != 0 as should_error
    from (
      
    
    



select quiz_id
from "quizops"."analytics_marts"."fact_attempt"
where quiz_id is null



      
    ) dbt_internal_test
[0m13:37:58.849753 [debug] [Thread-1 (]: SQL status: SELECT 1 in 0.0 seconds
[0m13:37:58.854971 [debug] [Thread-1 (]: On test.quizops.not_null_fact_attempt_quiz_id.1d80f43528: ROLLBACK
[0m13:37:58.857763 [debug] [Thread-1 (]: On test.quizops.not_null_fact_attempt_quiz_id.1d80f43528: Close
[0m13:37:58.860537 [info ] [Thread-1 (]: 4 of 5 PASS not_null_fact_attempt_quiz_id ...................................... [[32mPASS[0m in 0.12s]
[0m13:37:58.865255 [debug] [Thread-1 (]: Finished running node test.quizops.not_null_fact_attempt_quiz_id.1d80f43528
[0m13:37:58.868502 [debug] [Thread-1 (]: Began running node test.quizops.unique_fact_attempt_attempt_id.7f5079f8c5
[0m13:37:58.871674 [info ] [Thread-1 (]: 5 of 5 START test unique_fact_attempt_attempt_id ............................... [RUN]
[0m13:37:58.876083 [debug] [Thread-1 (]: Re-using an available connection from the pool (formerly test.quizops.not_null_fact_attempt_quiz_id.1d80f43528, now test.quizops.unique_fact_attempt_attempt_id.7f5079f8c5)
[0m13:37:58.878607 [debug] [Thread-1 (]: Began compiling node test.quizops.unique_fact_attempt_attempt_id.7f5079f8c5
[0m13:37:58.894083 [debug] [Thread-1 (]: Writing injected SQL for node "test.quizops.unique_fact_attempt_attempt_id.7f5079f8c5"
[0m13:37:58.916671 [debug] [Thread-1 (]: Began executing node test.quizops.unique_fact_attempt_attempt_id.7f5079f8c5
[0m13:37:58.925634 [debug] [Thread-1 (]: Writing runtime sql for node "test.quizops.unique_fact_attempt_attempt_id.7f5079f8c5"
[0m13:37:58.950204 [debug] [Thread-1 (]: Using postgres connection "test.quizops.unique_fact_attempt_attempt_id.7f5079f8c5"
[0m13:37:58.952787 [debug] [Thread-1 (]: On test.quizops.unique_fact_attempt_attempt_id.7f5079f8c5: BEGIN
[0m13:37:58.955484 [debug] [Thread-1 (]: Opening a new connection, currently in state closed
[0m13:37:58.972150 [debug] [Thread-1 (]: SQL status: BEGIN in 0.0 seconds
[0m13:37:58.974676 [debug] [Thread-1 (]: Using postgres connection "test.quizops.unique_fact_attempt_attempt_id.7f5079f8c5"
[0m13:37:58.977246 [debug] [Thread-1 (]: On test.quizops.unique_fact_attempt_attempt_id.7f5079f8c5: /* {"app": "dbt", "dbt_version": "1.8.3", "profile_name": "quizops", "target_name": "dev", "node_id": "test.quizops.unique_fact_attempt_attempt_id.7f5079f8c5"} */
select
      count(*) as failures,
      count(*) != 0 as should_warn,
      count(*) != 0 as should_error
    from (
      
    
    

select
    attempt_id as unique_field,
    count(*) as n_records

from "quizops"."analytics_marts"."fact_attempt"
where attempt_id is not null
group by attempt_id
having count(*) > 1



      
    ) dbt_internal_test
[0m13:37:58.983089 [debug] [Thread-1 (]: SQL status: SELECT 1 in 0.0 seconds
[0m13:37:58.988637 [debug] [Thread-1 (]: On test.quizops.unique_fact_attempt_attempt_id.7f5079f8c5: ROLLBACK
[0m13:37:58.991468 [debug] [Thread-1 (]: On test.quizops.unique_fact_attempt_attempt_id.7f5079f8c5: Close
[0m13:37:58.994683 [info ] [Thread-1 (]: 5 of 5 PASS unique_fact_attempt_attempt_id ..................................... [[32mPASS[0m in 0.12s]
[0m13:37:58.998339 [debug] [Thread-1 (]: Finished running node test.quizops.unique_fact_attempt_attempt_id.7f5079f8c5
[0m13:37:59.004142 [debug] [MainThread]: Using postgres connection "master"
[0m13:37:59.007076 [debug] [MainThread]: On master: BEGIN
[0m13:37:59.009506 [debug] [MainThread]: Opening a new connection, currently in state closed
[0m13:37:59.026692 [debug] [MainThread]: SQL status: BEGIN in 0.0 seconds
[0m13:37:59.029221 [debug] [MainThread]: On master: COMMIT
[0m13:37:59.031584 [debug] [MainThread]: Using postgres connection "master"
[0m13:37:59.033725 [debug] [MainThread]: On master: COMMIT
[0m13:37:59.036560 [debug] [MainThread]: SQL status: COMMIT in 0.0 seconds
[0m13:37:59.039473 [debug] [MainThread]: On master: Close
[0m13:37:59.042529 [debug] [MainThread]: Connection 'master' was properly closed.
[0m13:37:59.044803 [debug] [MainThread]: Connection 'test.quizops.unique_fact_attempt_attempt_id.7f5079f8c5' was properly closed.
[0m13:37:59.047483 [info ] [MainThread]: 
[0m13:37:59.050365 [info ] [MainThread]: Finished running 5 data tests in 0 hours 0 minutes and 1.15 seconds (1.15s).
[0m13:37:59.058511 [debug] [MainThread]: Command end result
[0m13:37:59.215150 [info ] [MainThread]: 
[0m13:37:59.218537 [info ] [MainThread]: [32mCompleted successfully[0m
[0m13:37:59.222201 [info ] [MainThread]: 
[0m13:37:59.226290 [info ] [MainThread]: Done. PASS=5 WARN=0 ERROR=0 SKIP=0 TOTAL=5
[0m13:37:59.230580 [debug] [MainThread]: Resource report: {"command_name": "test", "command_success": true, "command_wall_clock_time": 3.3909602, "process_user_time": 4.778499, "process_kernel_time": 0.878558, "process_mem_max_rss": "115436", "process_out_blocks": "1272", "process_in_blocks": "0"}
[0m13:37:59.233457 [debug] [MainThread]: Command `dbt test` succeeded at 13:37:59.233133 after 3.39 seconds
[0m13:37:59.236112 [debug] [MainThread]: Sending event: {'category': 'dbt', 'action': 'invocation', 'label': 'end', 'context': [<snowplow_tracker.self_describing_json.SelfDescribingJson object at 0x7fd5ade9a4d0>, <snowplow_tracker.self_describing_json.SelfDescribingJson object at 0x7fd5ab4db710>, <snowplow_tracker.self_describing_json.SelfDescribingJson object at 0x7fd5b1cb4610>]}
[0m13:37:59.239196 [debug] [MainThread]: Flushing usage events
[0m13:38:15.911345 [debug] [MainThread]: Sending event: {'category': 'dbt', 'action': 'invocation', 'label': 'start', 'context': [<snowplow_tracker.self_describing_json.SelfDescribingJson object at 0x7f373d94d450>, <snowplow_tracker.self_describing_json.SelfDescribingJson object at 0x7f373dd04290>, <snowplow_tracker.self_describing_json.SelfDescribingJson object at 0x7f373de29110>]}


============================== 13:38:15.928732 | 7aa25685-5dde-4d9f-ba84-e9107e26cc24 ==============================
[0m13:38:15.928732 [info ] [MainThread]: Running with dbt=1.8.3
[0m13:38:15.932388 [debug] [MainThread]: running dbt with arguments {'printer_width': '80', 'indirect_selection': 'eager', 'write_json': 'True', 'log_cache_events': 'False', 'partial_parse': 'True', 'cache_selected_only': 'False', 'warn_error': 'None', 'version_check': 'True', 'fail_fast': 'False', 'log_path': '/dbt/logs', 'debug': 'False', 'profiles_dir': '/dbt', 'use_colors': 'True', 'use_experimental_parser': 'False', 'no_print': 'None', 'quiet': 'False', 'empty': 'None', 'log_format': 'default', 'invocation_command': 'dbt test', 'introspect': 'True', 'warn_error_options': 'WarnErrorOptions(include=[], exclude=[])', 'target_path': 'None', 'static_parser': 'True', 'send_anonymous_usage_stats': 'True'}
[0m13:38:16.347254 [debug] [MainThread]: Sending event: {'category': 'dbt', 'action': 'project_id', 'label': '7aa25685-5dde-4d9f-ba84-e9107e26cc24', 'context': [<snowplow_tracker.self_describing_json.SelfDescribingJson object at 0x7f373c1a6e50>]}
[0m13:38:16.456714 [debug] [MainThread]: Sending event: {'category': 'dbt', 'action': 'adapter_info', 'label': '7aa25685-5dde-4d9f-ba84-e9107e26cc24', 'context': [<snowplow_tracker.self_describing_json.SelfDescribingJson object at 0x7f373f6cc9d0>]}
[0m13:38:16.459631 [info ] [MainThread]: Registered adapter: postgres=1.8.2
[0m13:38:16.491610 [debug] [MainThread]: checksum: 30bd4080c2bc8dee5936f8f60083ffbe1c906859d0fd965607c2144031479456, vars: {}, profile: , target: , version: 1.8.3
[0m13:38:16.993834 [debug] [MainThread]: Partial parsing enabled: 0 files deleted, 0 files added, 0 files changed.
[0m13:38:16.997294 [debug] [MainThread]: Partial parsing enabled, no changes found, skipping parsing
[0m13:38:17.099051 [debug] [MainThread]: Sending event: {'category': 'dbt', 'action': 'load_project', 'label': '7aa25685-5dde-4d9f-ba84-e9107e26cc24', 'context': [<snowplow_tracker.self_describing_json.SelfDescribingJson object at 0x7f373c16bd50>]}
[0m13:38:17.431402 [debug] [MainThread]: Sending event: {'category': 'dbt', 'action': 'resource_counts', 'label': '7aa25685-5dde-4d9f-ba84-e9107e26cc24', 'context': [<snowplow_tracker.self_describing_json.SelfDescribingJson object at 0x7f373be6b910>]}
[0m13:38:17.434975 [info ] [MainThread]: Found 3 models, 5 data tests, 415 macros
[0m13:38:17.439807 [debug] [MainThread]: Sending event: {'category': 'dbt', 'action': 'runnable_timing', 'label': '7aa25685-5dde-4d9f-ba84-e9107e26cc24', 'context': [<snowplow_tracker.self_describing_json.SelfDescribingJson object at 0x7f373c0e7690>]}
[0m13:38:17.449310 [info ] [MainThread]: 
[0m13:38:17.456697 [debug] [MainThread]: Acquiring new postgres connection 'master'
[0m13:38:17.467842 [debug] [ThreadPool]: Acquiring new postgres connection 'list_quizops_analytics_staging'
[0m13:38:17.567547 [debug] [ThreadPool]: Using postgres connection "list_quizops_analytics_staging"
[0m13:38:17.570426 [debug] [ThreadPool]: On list_quizops_analytics_staging: BEGIN
[0m13:38:17.572752 [debug] [ThreadPool]: Opening a new connection, currently in state init
[0m13:38:17.593051 [debug] [ThreadPool]: SQL status: BEGIN in 0.0 seconds
[0m13:38:17.595592 [debug] [ThreadPool]: Using postgres connection "list_quizops_analytics_staging"
[0m13:38:17.597878 [debug] [ThreadPool]: On list_quizops_analytics_staging: /* {"app": "dbt", "dbt_version": "1.8.3", "profile_name": "quizops", "target_name": "dev", "connection_name": "list_quizops_analytics_staging"} */
select
      'quizops' as database,
      tablename as name,
      schemaname as schema,
      'table' as type
    from pg_tables
    where schemaname ilike 'analytics_staging'
    union all
    select
      'quizops' as database,
      viewname as name,
      schemaname as schema,
      'view' as type
    from pg_views
    where schemaname ilike 'analytics_staging'
    union all
    select
      'quizops' as database,
      matviewname as name,
      schemaname as schema,
      'materialized_view' as type
    from pg_matviews
    where schemaname ilike 'analytics_staging'
  
[0m13:38:17.608188 [debug] [ThreadPool]: SQL status: SELECT 1 in 0.0 seconds
[0m13:38:17.613278 [debug] [ThreadPool]: On list_quizops_analytics_staging: ROLLBACK
[0m13:38:17.617412 [debug] [ThreadPool]: On list_quizops_analytics_staging: Close
[0m13:38:17.620777 [debug] [ThreadPool]: Re-using an available connection from the pool (formerly list_quizops_analytics_staging, now list_quizops_analytics_marts)
[0m13:38:17.627569 [debug] [ThreadPool]: Using postgres connection "list_quizops_analytics_marts"
[0m13:38:17.629769 [debug] [ThreadPool]: On list_quizops_analytics_marts: BEGIN
[0m13:38:17.632028 [debug] [ThreadPool]: Opening a new connection, currently in state closed
[0m13:38:17.648007 [debug] [ThreadPool]: SQL status: BEGIN in 0.0 seconds
[0m13:38:17.650232 [debug] [ThreadPool]: Using postgres connection "list_quizops_analytics_marts"
[0m13:38:17.652563 [debug] [ThreadPool]: On list_quizops_analytics_marts: /* {"app": "dbt", "dbt_version": "1.8.3", "profile_name": "quizops", "target_name": "dev", "connection_name": "list_quizops_analytics_marts"} */
select
      'quizops' as database,
      tablename as name,
      schemaname as schema,
      'table' as type
    from pg_tables
    where schemaname ilike 'analytics_marts'
    union all
    select
      'quizops' as database,
      viewname as name,
      schemaname as schema,
      'view' as type
    from pg_views
    where schemaname ilike 'analytics_marts'
    union all
    select
      'quizops' as database,
      matviewname as name,
      schemaname as schema,
      'materialized_view' as type
    from pg_matviews
    where schemaname ilike 'analytics_marts'
  
[0m13:38:17.660975 [debug] [ThreadPool]: SQL status: SELECT 2 in 0.0 seconds
[0m13:38:17.665756 [debug] [ThreadPool]: On list_quizops_analytics_marts: ROLLBACK
[0m13:38:17.668498 [debug] [ThreadPool]: On list_quizops_analytics_marts: Close
[0m13:38:17.680749 [debug] [MainThread]: Using postgres connection "master"
[0m13:38:17.683348 [debug] [MainThread]: On master: BEGIN
[0m13:38:17.685621 [debug] [MainThread]: Opening a new connection, currently in state init
[0m13:38:17.700757 [debug] [MainThread]: SQL status: BEGIN in 0.0 seconds
[0m13:38:17.703756 [debug] [MainThread]: Using postgres connection "master"
[0m13:38:17.706133 [debug] [MainThread]: On master: /* {"app": "dbt", "dbt_version": "1.8.3", "profile_name": "quizops", "target_name": "dev", "connection_name": "master"} */
with relation as (
        select
            pg_rewrite.ev_class as class,
            pg_rewrite.oid as id
        from pg_rewrite
    ),
    class as (
        select
            oid as id,
            relname as name,
            relnamespace as schema,
            relkind as kind
        from pg_class
    ),
    dependency as (
        select distinct
            pg_depend.objid as id,
            pg_depend.refobjid as ref
        from pg_depend
    ),
    schema as (
        select
            pg_namespace.oid as id,
            pg_namespace.nspname as name
        from pg_namespace
        where nspname != 'information_schema' and nspname not like 'pg\_%'
    ),
    referenced as (
        select
            relation.id AS id,
            referenced_class.name ,
            referenced_class.schema ,
            referenced_class.kind
        from relation
        join class as referenced_class on relation.class=referenced_class.id
        where referenced_class.kind in ('r', 'v', 'm')
    ),
    relationships as (
        select
            referenced.name as referenced_name,
            referenced.schema as referenced_schema_id,
            dependent_class.name as dependent_name,
            dependent_class.schema as dependent_schema_id,
            referenced.kind as kind
        from referenced
        join dependency on referenced.id=dependency.id
        join class as dependent_class on dependency.ref=dependent_class.id
        where
            (referenced.name != dependent_class.name or
             referenced.schema != dependent_class.schema)
    )

    select
        referenced_schema.name as referenced_schema,
        relationships.referenced_name as referenced_name,
        dependent_schema.name as dependent_schema,
        relationships.dependent_name as dependent_name
    from relationships
    join schema as dependent_schema on relationships.dependent_schema_id=dependent_schema.id
    join schema as referenced_schema on relationships.referenced_schema_id=referenced_schema.id
    group by referenced_schema, referenced_name, dependent_schema, dependent_name
    order by referenced_schema, referenced_name, dependent_schema, dependent_name;
[0m13:38:17.717949 [debug] [MainThread]: SQL status: SELECT 4 in 0.0 seconds
[0m13:38:17.722522 [debug] [MainThread]: Sending event: {'category': 'dbt', 'action': 'runnable_timing', 'label': '7aa25685-5dde-4d9f-ba84-e9107e26cc24', 'context': [<snowplow_tracker.self_describing_json.SelfDescribingJson object at 0x7f373be3b590>]}
[0m13:38:17.725236 [debug] [MainThread]: On master: ROLLBACK
[0m13:38:17.727923 [debug] [MainThread]: Using postgres connection "master"
[0m13:38:17.730196 [debug] [MainThread]: On master: BEGIN
[0m13:38:17.733370 [debug] [MainThread]: SQL status: BEGIN in 0.0 seconds
[0m13:38:17.735884 [debug] [MainThread]: On master: COMMIT
[0m13:38:17.738148 [debug] [MainThread]: Using postgres connection "master"
[0m13:38:17.740388 [debug] [MainThread]: On master: COMMIT
[0m13:38:17.743269 [debug] [MainThread]: SQL status: COMMIT in 0.0 seconds
[0m13:38:17.745807 [debug] [MainThread]: On master: Close
[0m13:38:17.748382 [info ] [MainThread]: Concurrency: 1 threads (target='dev')
[0m13:38:17.751060 [info ] [MainThread]: 
[0m13:38:17.775459 [debug] [Thread-1 (]: Began running node test.quizops.not_null_fact_answer_attempt_id.6e48b91d22
[0m13:38:17.778078 [info ] [Thread-1 (]: 1 of 5 START test not_null_fact_answer_attempt_id .............................. [RUN]
[0m13:38:17.781227 [debug] [Thread-1 (]: Re-using an available connection from the pool (formerly list_quizops_analytics_marts, now test.quizops.not_null_fact_answer_attempt_id.6e48b91d22)
[0m13:38:17.783707 [debug] [Thread-1 (]: Began compiling node test.quizops.not_null_fact_answer_attempt_id.6e48b91d22
[0m13:38:17.822502 [debug] [Thread-1 (]: Writing injected SQL for node "test.quizops.not_null_fact_answer_attempt_id.6e48b91d22"
[0m13:38:17.845532 [debug] [Thread-1 (]: Began executing node test.quizops.not_null_fact_answer_attempt_id.6e48b91d22
[0m13:38:17.879510 [debug] [Thread-1 (]: Writing runtime sql for node "test.quizops.not_null_fact_answer_attempt_id.6e48b91d22"
[0m13:38:17.903721 [debug] [Thread-1 (]: Using postgres connection "test.quizops.not_null_fact_answer_attempt_id.6e48b91d22"
[0m13:38:17.906048 [debug] [Thread-1 (]: On test.quizops.not_null_fact_answer_attempt_id.6e48b91d22: BEGIN
[0m13:38:17.908208 [debug] [Thread-1 (]: Opening a new connection, currently in state closed
[0m13:38:17.922201 [debug] [Thread-1 (]: SQL status: BEGIN in 0.0 seconds
[0m13:38:17.924652 [debug] [Thread-1 (]: Using postgres connection "test.quizops.not_null_fact_answer_attempt_id.6e48b91d22"
[0m13:38:17.926955 [debug] [Thread-1 (]: On test.quizops.not_null_fact_answer_attempt_id.6e48b91d22: /* {"app": "dbt", "dbt_version": "1.8.3", "profile_name": "quizops", "target_name": "dev", "node_id": "test.quizops.not_null_fact_answer_attempt_id.6e48b91d22"} */
select
      count(*) as failures,
      count(*) != 0 as should_warn,
      count(*) != 0 as should_error
    from (
      
    
    



select attempt_id
from "quizops"."analytics_marts"."fact_answer"
where attempt_id is null



      
    ) dbt_internal_test
[0m13:38:17.932760 [debug] [Thread-1 (]: SQL status: SELECT 1 in 0.0 seconds
[0m13:38:17.942701 [debug] [Thread-1 (]: On test.quizops.not_null_fact_answer_attempt_id.6e48b91d22: ROLLBACK
[0m13:38:17.946020 [debug] [Thread-1 (]: On test.quizops.not_null_fact_answer_attempt_id.6e48b91d22: Close
[0m13:38:17.949651 [info ] [Thread-1 (]: 1 of 5 PASS not_null_fact_answer_attempt_id .................................... [[32mPASS[0m in 0.17s]
[0m13:38:17.954180 [debug] [Thread-1 (]: Finished running node test.quizops.not_null_fact_answer_attempt_id.6e48b91d22
[0m13:38:17.956820 [debug] [Thread-1 (]: Began running node test.quizops.not_null_fact_answer_question_id.e9db22aa09
[0m13:38:17.959163 [info ] [Thread-1 (]: 2 of 5 START test not_null_fact_answer_question_id ............................. [RUN]
[0m13:38:17.962186 [debug] [Thread-1 (]: Re-using an available connection from the pool (formerly test.quizops.not_null_fact_answer_attempt_id.6e48b91d22, now test.quizops.not_null_fact_answer_question_id.e9db22aa09)
[0m13:38:17.965095 [debug] [Thread-1 (]: Began compiling node test.quizops.not_null_fact_answer_question_id.e9db22aa09
[0m13:38:17.976544 [debug] [Thread-1 (]: Writing injected SQL for node "test.quizops.not_null_fact_answer_question_id.e9db22aa09"
[0m13:38:18.000403 [debug] [Thread-1 (]: Began executing node test.quizops.not_null_fact_answer_question_id.e9db22aa09
[0m13:38:18.008037 [debug] [Thread-1 (]: Writing runtime sql for node "test.quizops.not_null_fact_answer_question_id.e9db22aa09"
[0m13:38:18.031415 [debug] [Thread-1 (]: Using postgres connection "test.quizops.not_null_fact_answer_question_id.e9db22aa09"
[0m13:38:18.033689 [debug] [Thread-1 (]: On test.quizops.not_null_fact_answer_question_id.e9db22aa09: BEGIN
[0m13:38:18.036040 [debug] [Thread-1 (]: Opening a new connection, currently in state closed
[0m13:38:18.052306 [debug] [Thread-1 (]: SQL status: BEGIN in 0.0 seconds
[0m13:38:18.055163 [debug] [Thread-1 (]: Using postgres connection "test.quizops.not_null_fact_answer_question_id.e9db22aa09"
[0m13:38:18.057518 [debug] [Thread-1 (]: On test.quizops.not_null_fact_answer_question_id.e9db22aa09: /* {"app": "dbt", "dbt_version": "1.8.3", "profile_name": "quizops", "target_name": "dev", "node_id": "test.quizops.not_null_fact_answer_question_id.e9db22aa09"} */
select
      count(*) as failures,
      count(*) != 0 as should_warn,
      count(*) != 0 as should_error
    from (
      
    
    



select question_id
from "quizops"."analytics_marts"."fact_answer"
where question_id is null



      
    ) dbt_internal_test
[0m13:38:18.063768 [debug] [Thread-1 (]: SQL status: SELECT 1 in 0.0 seconds
[0m13:38:18.068354 [debug] [Thread-1 (]: On test.quizops.not_null_fact_answer_question_id.e9db22aa09: ROLLBACK
[0m13:38:18.071625 [debug] [Thread-1 (]: On test.quizops.not_null_fact_answer_question_id.e9db22aa09: Close
[0m13:38:18.074948 [info ] [Thread-1 (]: 2 of 5 PASS not_null_fact_answer_question_id ................................... [[32mPASS[0m in 0.11s]
[0m13:38:18.078583 [debug] [Thread-1 (]: Finished running node test.quizops.not_null_fact_answer_question_id.e9db22aa09
[0m13:38:18.081204 [debug] [Thread-1 (]: Began running node test.quizops.not_null_fact_attempt_attempt_id.7d50657faa
[0m13:38:18.083619 [info ] [Thread-1 (]: 3 of 5 START test not_null_fact_attempt_attempt_id ............................. [RUN]
[0m13:38:18.087011 [debug] [Thread-1 (]: Re-using an available connection from the pool (formerly test.quizops.not_null_fact_answer_question_id.e9db22aa09, now test.quizops.not_null_fact_attempt_attempt_id.7d50657faa)
[0m13:38:18.090004 [debug] [Thread-1 (]: Began compiling node test.quizops.not_null_fact_attempt_attempt_id.7d50657faa
[0m13:38:18.099922 [debug] [Thread-1 (]: Writing injected SQL for node "test.quizops.not_null_fact_attempt_attempt_id.7d50657faa"
[0m13:38:18.123829 [debug] [Thread-1 (]: Began executing node test.quizops.not_null_fact_attempt_attempt_id.7d50657faa
[0m13:38:18.130072 [debug] [Thread-1 (]: Writing runtime sql for node "test.quizops.not_null_fact_attempt_attempt_id.7d50657faa"
[0m13:38:18.155083 [debug] [Thread-1 (]: Using postgres connection "test.quizops.not_null_fact_attempt_attempt_id.7d50657faa"
[0m13:38:18.158040 [debug] [Thread-1 (]: On test.quizops.not_null_fact_attempt_attempt_id.7d50657faa: BEGIN
[0m13:38:18.160529 [debug] [Thread-1 (]: Opening a new connection, currently in state closed
[0m13:38:18.178062 [debug] [Thread-1 (]: SQL status: BEGIN in 0.0 seconds
[0m13:38:18.180537 [debug] [Thread-1 (]: Using postgres connection "test.quizops.not_null_fact_attempt_attempt_id.7d50657faa"
[0m13:38:18.182708 [debug] [Thread-1 (]: On test.quizops.not_null_fact_attempt_attempt_id.7d50657faa: /* {"app": "dbt", "dbt_version": "1.8.3", "profile_name": "quizops", "target_name": "dev", "node_id": "test.quizops.not_null_fact_attempt_attempt_id.7d50657faa"} */
select
      count(*) as failures,
      count(*) != 0 as should_warn,
      count(*) != 0 as should_error
    from (
      
    
    



select attempt_id
from "quizops"."analytics_marts"."fact_attempt"
where attempt_id is null



      
    ) dbt_internal_test
[0m13:38:18.188530 [debug] [Thread-1 (]: SQL status: SELECT 1 in 0.0 seconds
[0m13:38:18.193707 [debug] [Thread-1 (]: On test.quizops.not_null_fact_attempt_attempt_id.7d50657faa: ROLLBACK
[0m13:38:18.196751 [debug] [Thread-1 (]: On test.quizops.not_null_fact_attempt_attempt_id.7d50657faa: Close
[0m13:38:18.199831 [info ] [Thread-1 (]: 3 of 5 PASS not_null_fact_attempt_attempt_id ................................... [[32mPASS[0m in 0.11s]
[0m13:38:18.208670 [debug] [Thread-1 (]: Finished running node test.quizops.not_null_fact_attempt_attempt_id.7d50657faa
[0m13:38:18.213018 [debug] [Thread-1 (]: Began running node test.quizops.not_null_fact_attempt_quiz_id.1d80f43528
[0m13:38:18.215756 [info ] [Thread-1 (]: 4 of 5 START test not_null_fact_attempt_quiz_id ................................ [RUN]
[0m13:38:18.220501 [debug] [Thread-1 (]: Re-using an available connection from the pool (formerly test.quizops.not_null_fact_attempt_attempt_id.7d50657faa, now test.quizops.not_null_fact_attempt_quiz_id.1d80f43528)
[0m13:38:18.224100 [debug] [Thread-1 (]: Began compiling node test.quizops.not_null_fact_attempt_quiz_id.1d80f43528
[0m13:38:18.235352 [debug] [Thread-1 (]: Writing injected SQL for node "test.quizops.not_null_fact_attempt_quiz_id.1d80f43528"
[0m13:38:18.262488 [debug] [Thread-1 (]: Began executing node test.quizops.not_null_fact_attempt_quiz_id.1d80f43528
[0m13:38:18.270041 [debug] [Thread-1 (]: Writing runtime sql for node "test.quizops.not_null_fact_attempt_quiz_id.1d80f43528"
[0m13:38:18.293771 [debug] [Thread-1 (]: Using postgres connection "test.quizops.not_null_fact_attempt_quiz_id.1d80f43528"
[0m13:38:18.296702 [debug] [Thread-1 (]: On test.quizops.not_null_fact_attempt_quiz_id.1d80f43528: BEGIN
[0m13:38:18.299311 [debug] [Thread-1 (]: Opening a new connection, currently in state closed
[0m13:38:18.316050 [debug] [Thread-1 (]: SQL status: BEGIN in 0.0 seconds
[0m13:38:18.318635 [debug] [Thread-1 (]: Using postgres connection "test.quizops.not_null_fact_attempt_quiz_id.1d80f43528"
[0m13:38:18.321381 [debug] [Thread-1 (]: On test.quizops.not_null_fact_attempt_quiz_id.1d80f43528: /* {"app": "dbt", "dbt_version": "1.8.3", "profile_name": "quizops", "target_name": "dev", "node_id": "test.quizops.not_null_fact_attempt_quiz_id.1d80f43528"} */
select
      count(*) as failures,
      count(*) != 0 as should_warn,
      count(*) != 0 as should_error
    from (
      
    
    



select quiz_id
from "quizops"."analytics_marts"."fact_attempt"
where quiz_id is null



      
    ) dbt_internal_test
[0m13:38:18.327211 [debug] [Thread-1 (]: SQL status: SELECT 1 in 0.0 seconds
[0m13:38:18.332439 [debug] [Thread-1 (]: On test.quizops.not_null_fact_attempt_quiz_id.1d80f43528: ROLLBACK
[0m13:38:18.336081 [debug] [Thread-1 (]: On test.quizops.not_null_fact_attempt_quiz_id.1d80f43528: Close
[0m13:38:18.339846 [info ] [Thread-1 (]: 4 of 5 PASS not_null_fact_attempt_quiz_id ...................................... [[32mPASS[0m in 0.12s]
[0m13:38:18.344147 [debug] [Thread-1 (]: Finished running node test.quizops.not_null_fact_attempt_quiz_id.1d80f43528
[0m13:38:18.346803 [debug] [Thread-1 (]: Began running node test.quizops.unique_fact_attempt_attempt_id.7f5079f8c5
[0m13:38:18.349247 [info ] [Thread-1 (]: 5 of 5 START test unique_fact_attempt_attempt_id ............................... [RUN]
[0m13:38:18.352828 [debug] [Thread-1 (]: Re-using an available connection from the pool (formerly test.quizops.not_null_fact_attempt_quiz_id.1d80f43528, now test.quizops.unique_fact_attempt_attempt_id.7f5079f8c5)
[0m13:38:18.356743 [debug] [Thread-1 (]: Began compiling node test.quizops.unique_fact_attempt_attempt_id.7f5079f8c5
[0m13:38:18.373830 [debug] [Thread-1 (]: Writing injected SQL for node "test.quizops.unique_fact_attempt_attempt_id.7f5079f8c5"
[0m13:38:18.398638 [debug] [Thread-1 (]: Began executing node test.quizops.unique_fact_attempt_attempt_id.7f5079f8c5
[0m13:38:18.406168 [debug] [Thread-1 (]: Writing runtime sql for node "test.quizops.unique_fact_attempt_attempt_id.7f5079f8c5"
[0m13:38:18.429615 [debug] [Thread-1 (]: Using postgres connection "test.quizops.unique_fact_attempt_attempt_id.7f5079f8c5"
[0m13:38:18.432304 [debug] [Thread-1 (]: On test.quizops.unique_fact_attempt_attempt_id.7f5079f8c5: BEGIN
[0m13:38:18.435180 [debug] [Thread-1 (]: Opening a new connection, currently in state closed
[0m13:38:18.487803 [debug] [Thread-1 (]: SQL status: BEGIN in 0.0 seconds
[0m13:38:18.490645 [debug] [Thread-1 (]: Using postgres connection "test.quizops.unique_fact_attempt_attempt_id.7f5079f8c5"
[0m13:38:18.493493 [debug] [Thread-1 (]: On test.quizops.unique_fact_attempt_attempt_id.7f5079f8c5: /* {"app": "dbt", "dbt_version": "1.8.3", "profile_name": "quizops", "target_name": "dev", "node_id": "test.quizops.unique_fact_attempt_attempt_id.7f5079f8c5"} */
select
      count(*) as failures,
      count(*) != 0 as should_warn,
      count(*) != 0 as should_error
    from (
      
    
    

select
    attempt_id as unique_field,
    count(*) as n_records

from "quizops"."analytics_marts"."fact_attempt"
where attempt_id is not null
group by attempt_id
having count(*) > 1



      
    ) dbt_internal_test
[0m13:38:18.498470 [debug] [Thread-1 (]: SQL status: SELECT 1 in 0.0 seconds
[0m13:38:18.503572 [debug] [Thread-1 (]: On test.quizops.unique_fact_attempt_attempt_id.7f5079f8c5: ROLLBACK
[0m13:38:18.507002 [debug] [Thread-1 (]: On test.quizops.unique_fact_attempt_attempt_id.7f5079f8c5: Close
[0m13:38:18.510133 [info ] [Thread-1 (]: 5 of 5 PASS unique_fact_attempt_attempt_id ..................................... [[32mPASS[0m in 0.16s]
[0m13:38:18.516471 [debug] [Thread-1 (]: Finished running node test.quizops.unique_fact_attempt_attempt_id.7f5079f8c5
[0m13:38:18.523408 [debug] [MainThread]: Using postgres connection "master"
[0m13:38:18.526576 [debug] [MainThread]: On master: BEGIN
[0m13:38:18.531085 [debug] [MainThread]: Opening a new connection, currently in state closed
[0m13:38:18.553047 [debug] [MainThread]: SQL status: BEGIN in 0.0 seconds
[0m13:38:18.556259 [debug] [MainThread]: On master: COMMIT
[0m13:38:18.558644 [debug] [MainThread]: Using postgres connection "master"
[0m13:38:18.561021 [debug] [MainThread]: On master: COMMIT
[0m13:38:18.564004 [debug] [MainThread]: SQL status: COMMIT in 0.0 seconds
[0m13:38:18.566401 [debug] [MainThread]: On master: Close
[0m13:38:18.569509 [debug] [MainThread]: Connection 'master' was properly closed.
[0m13:38:18.571691 [debug] [MainThread]: Connection 'test.quizops.unique_fact_attempt_attempt_id.7f5079f8c5' was properly closed.
[0m13:38:18.574500 [info ] [MainThread]: 
[0m13:38:18.577696 [info ] [MainThread]: Finished running 5 data tests in 0 hours 0 minutes and 1.12 seconds (1.12s).
[0m13:38:18.583370 [debug] [MainThread]: Command end result
[0m13:38:18.705699 [info ] [MainThread]: 
[0m13:38:18.708960 [info ] [MainThread]: [32mCompleted successfully[0m
[0m13:38:18.712609 [info ] [MainThread]: 
[0m13:38:18.716743 [info ] [MainThread]: Done. PASS=5 WARN=0 ERROR=0 SKIP=0 TOTAL=5
[0m13:38:18.721701 [debug] [MainThread]: Resource report: {"command_name": "test", "command_success": true, "command_wall_clock_time": 2.9481738, "process_user_time": 5.147356, "process_kernel_time": 0.778591, "process_mem_max_rss": "115288", "process_out_blocks": "1272", "process_in_blocks": "0"}
[0m13:38:18.724816 [debug] [MainThread]: Command `dbt test` succeeded at 13:38:18.724530 after 2.95 seconds
[0m13:38:18.727248 [debug] [MainThread]: Sending event: {'category': 'dbt', 'action': 'invocation', 'label': 'end', 'context': [<snowplow_tracker.self_describing_json.SelfDescribingJson object at 0x7f373d95b3d0>, <snowplow_tracker.self_describing_json.SelfDescribingJson object at 0x7f373dbb8390>, <snowplow_tracker.self_describing_json.SelfDescribingJson object at 0x7f37418e0690>]}
[0m13:38:18.729975 [debug] [MainThread]: Flushing usage events
